node.exe : ΓÜá Warning: 
Next.js inferred your 
workspace root, but it may 
not be correct.
At line:1 char:1
+ & "C:\Program 
Files\nodejs/node.exe" 
"C:\Program 
Files\nodejs/node_mo ...
+ ~~~~~~~~~~~~~~~~~~~~~~~~~~~~
~~~~~~~~~~~~~~~~~~~~~~~~~~~~~~
~~~~~~~~~~~
    + CategoryInfo          : 
    NotSpecified: (ΓÜá Warni  
  ng: Ne...not be correct.:   
 String) [], RemoteExcepti    
on
    + FullyQualifiedErrorId : 
    NativeCommandError
 
 We detected multiple 
lockfiles and selected the 
directory of D:\AlmaStore\pack
age-lock.json as the root 
directory.
 To silence this warning, set 
`turbopack.root` in your 
Next.js config, or consider 
removing one of the lockfiles 
if it's not needed.
   See https://nextjs.org/docs
/app/api-reference/config/next
-config-js/turbopack#root-dire
ctory for more information.
 Detected additional 
lockfiles: 
   * D:\AlmaStore\web-store\pa
ckage-lock.json

Γû▓ Next.js 16.1.6 (Turbopack)
- Environments: .env.local

ΓÜá The "middleware" file 
convention is deprecated. 
Please use "proxy" instead. 
Learn more: https://nextjs.org
/docs/messages/middleware-to-p
roxy
  Creating an optimized production build ...

> Build error occurred
Error: Turbopack build failed 
with 2 errors:
./web-store/components/product
/ReviewList.tsx:5:10
Ecmascript file had an error
[0m [90m 3 |[39m 
[36mimport[39m { 
[33mReview[39m } 
[36mfrom[39m 
[32m"@/types"[39m[33m;[39m
 [90m 4 |[39m 
[36mimport[39m { 
[33mStar[39m[33m,[39m 
[33mUser[39m } 
[36mfrom[39m [32m"lucide-re
act"[39m[33m;[39m
[31m[1m>[22m[39m[90m 5 
|[39m [36mimport[39m { 
useEffect[33m,[39m useState 
} [36mfrom[39m 
[32m"react"[39m[33m;[39m
 [90m   |[39m          [31m
[1m^[22m[39m[31m[1m^[22m
[39m[31m[1m^[22m[39m[31m
[1m^[22m[39m[31m[1m^[22m
[39m[31m[1m^[22m[39m[31m
[1m^[22m[39m[31m[1m^[22m
[39m[31m[1m^[22m[39m
 [90m 6 |[39m
 [90m 7 |[39m 
[36mexport[39m 
[36mfunction[39m 
[33mReviewList[39m({ 
productId }[33m:[39m { 
productId[33m:[39m string 
}) {
 [90m 8 |[39m     
[36mconst[39m 
[reviews[33m,[39m 
setReviews] [33m=[39m useSta
te[33m<[39m[33mReview[39m[
][33m>[39m([])[33m;[39m[0
m

You're importing a component 
that needs `useEffect`. This 
React Hook only works in a 
Client Component. To fix, 
mark the file (or its parent) 
with the `"use client"` 
directive.

 Learn more: https://nextjs.or
g/docs/app/api-reference/direc
tives/use-client



Import trace:
  Server Component:
    ./web-store/components/pro
duct/ReviewList.tsx
    ./web-store/app/products/[
id]/page.tsx


./web-store/components/product
/ReviewList.tsx:5:21
Ecmascript file had an error
[0m [90m 3 |[39m 
[36mimport[39m { 
[33mReview[39m } 
[36mfrom[39m 
[32m"@/types"[39m[33m;[39m
 [90m 4 |[39m 
[36mimport[39m { 
[33mStar[39m[33m,[39m 
[33mUser[39m } 
[36mfrom[39m [32m"lucide-re
act"[39m[33m;[39m
[31m[1m>[22m[39m[90m 5 
|[39m [36mimport[39m { 
useEffect[33m,[39m useState 
} [36mfrom[39m 
[32m"react"[39m[33m;[39m
 [90m   |[39m               
      [31m[1m^[22m[39m[31
m[1m^[22m[39m[31m[1m^[22
m[39m[31m[1m^[22m[39m[31
m[1m^[22m[39m[31m[1m^[22
m[39m[31m[1m^[22m[39m[31
m[1m^[22m[39m
 [90m 6 |[39m
 [90m 7 |[39m 
[36mexport[39m 
[36mfunction[39m 
[33mReviewList[39m({ 
productId }[33m:[39m { 
productId[33m:[39m string 
}) {
 [90m 8 |[39m     
[36mconst[39m 
[reviews[33m,[39m 
setReviews] [33m=[39m useSta
te[33m<[39m[33mReview[39m[
][33m>[39m([])[33m;[39m[0
m

You're importing a component 
that needs `useState`. This 
React Hook only works in a 
Client Component. To fix, 
mark the file (or its parent) 
with the `"use client"` 
directive.

 Learn more: https://nextjs.or
g/docs/app/api-reference/direc
tives/use-client



Import trace:
  Server Component:
    ./web-store/components/pro
duct/ReviewList.tsx
    ./web-store/app/products/[
id]/page.tsx


    at <unknown> (./web-store/
components/product/ReviewList.
tsx:5:10)
    at <unknown> (./web-store/
components/product/ReviewList.
tsx:5:21)
